<?xml version="1.0" encoding="UTF-8"?>
<!-- Generated by org.testng.reporters.JUnitReportReporter -->
<testsuite hostname="LAPTOP-HE3IJ9BH" failures="0" tests="1" name="TestDrive.TicketPageTest" time="14.602" errors="0" timestamp="2023-06-05T15:38:26 IST" skipped="0">
  <testcase classname="TestDrive.TicketPageTest" name="TicketPageTest" time="14.602"/>
  <system-out/>
</testsuite> <!-- TestDrive.TicketPageTest -->
